

Microchip Technology PIC18 LITE Macro Assembler V1.35 build -356382666 
                                                                                               Mon May 02 17:47:33 2016

Microchip Technology Omniscient Code Generator v1.35 (Free mode) build 201507080246
     1                           	processor	18F4550
     2                           	fnconf	rparam,??,?,0
     3                           	opt	pw 120
     4                           	opt	lm
     5                           	psect	cinit,global,reloc=2,class=CODE,delta=1
     6                           	psect	cstackCOMRAM,global,class=COMRAM,space=1,delta=1
     7                           	psect	text0,global,reloc=2,class=CODE,delta=1
     8                           	psect	text1,global,reloc=2,class=CODE,delta=1
     9                           	psect	intsave_regs,global,class=BIGRAM,space=1,delta=1
    10                           	psect	rparam,global,class=COMRAM,space=1,delta=1
    11  0000                     _ADCON1	set	4033
    12  0000                     _LATD	set	3980
    13  0000                     _TRISD	set	3989
    14                           
    15                           ; #config settings
    16  0000                     
    17                           	psect	cinit
    18  007F6A                     __pcinit:
    19                           	opt stack 0
    20  007F6A                     start_initialization:
    21                           	opt stack 0
    22  007F6A                     __initialization:
    23                           	opt stack 0
    24  007F6A                     end_of_initialization:
    25                           	opt stack 0
    26  007F6A                     __end_of__initialization:
    27                           	opt stack 0
    28  007F6A  0100               	movlb	0
    29  007F6C  EFD0  F03F         	goto	_main	;jump to C main() function
    30                           
    31                           	psect	cstackCOMRAM
    32  000001                     __pcstackCOMRAM:
    33                           	opt stack 0
    34  000001                     retardo_ms@x:
    35                           	opt stack 0
    36                           
    37                           ; 4 bytes @ 0x0
    38  000001                     	ds	4
    39  000005                     ??_retardo_ms:
    40                           
    41                           ; 0 bytes @ 0x4
    42  000005                     	ds	1
    43  000006                     main@i:
    44                           	opt stack 0
    45                           
    46                           ; 1 bytes @ 0x5
    47  000006                     	ds	1
    48                           
    49 ;;
    50 ;;Main: autosize = 0, tempsize = 0, incstack = 0, save=0
    51 ;;
    52 ;; *************** function _main *****************
    53 ;; Defined at:
    54 ;;		line 41 in file "pic 18+leds.c"
    55 ;; Parameters:    Size  Location     Type
    56 ;;		None
    57 ;; Auto vars:     Size  Location     Type
    58 ;;  i               1    5[COMRAM] unsigned char 
    59 ;; Return value:  Size  Location     Type
    60 ;;		None               void
    61 ;; Registers used:
    62 ;;		wreg, status,2, status,0, prodl, prodh, cstack
    63 ;; Tracked objects:
    64 ;;		On entry : 0/0
    65 ;;		On exit  : 0/0
    66 ;;		Unchanged: 0/0
    67 ;; Data sizes:     COMRAM   BANK0   BANK1   BANK2   BANK3   BANK4   BANK5   BANK6   BANK7
    68 ;;      Params:         0       0       0       0       0       0       0       0       0
    69 ;;      Locals:         1       0       0       0       0       0       0       0       0
    70 ;;      Temps:          0       0       0       0       0       0       0       0       0
    71 ;;      Totals:         1       0       0       0       0       0       0       0       0
    72 ;;Total ram usage:        1 bytes
    73 ;; Hardware stack levels required when called:    1
    74 ;; This function calls:
    75 ;;		_retardo_ms
    76 ;; This function is called by:
    77 ;;		Startup code after reset
    78 ;; This function uses a non-reentrant model
    79 ;;
    80                           
    81                           	psect	text0
    82  007FA0                     __ptext0:
    83                           	opt stack 0
    84  007FA0                     _main:
    85                           	opt stack 30
    86                           
    87                           ;pic 18+leds.c: 43: ADCON1 = 0x0F;
    88                           
    89                           ;incstack = 0
    90  007FA0  0E0F               	movlw	15
    91  007FA2  6EC1               	movwf	4033,c	;volatile
    92                           
    93                           ;pic 18+leds.c: 44: TRISD = 0x00;
    94  007FA4  0E00               	movlw	0
    95  007FA6  6E95               	movwf	3989,c	;volatile
    96                           
    97                           ;pic 18+leds.c: 45: LATD=0b00000001;
    98  007FA8  0E01               	movlw	1
    99  007FAA  6E8C               	movwf	3980,c	;volatile
   100  007FAC                     l13:
   101                           
   102                           ;pic 18+leds.c: 47: {
   103                           ;pic 18+leds.c: 48: char i;
   104                           ;pic 18+leds.c: 49: for(i=0;i<7;i++){
   105  007FAC  0E00               	movlw	0
   106  007FAE  6E06               	movwf	main@i,c
   107  007FB0                     l666:
   108  007FB0  0E06               	movlw	6
   109  007FB2  6406               	cpfsgt	main@i,c
   110  007FB4  D001               	goto	l670
   111  007FB6  D010               	goto	l678
   112  007FB8                     l670:
   113                           
   114                           ;pic 18+leds.c: 50: LATD*=2;
   115  007FB8  0E02               	movlw	2
   116  007FBA  028C               	mulwf	3980,c	;volatile
   117  007FBC  50F3               	movf	prodl,w,c
   118  007FBE  6E8C               	movwf	3980,c	;volatile
   119                           
   120                           ;pic 18+leds.c: 51: retardo_ms(500);
   121  007FC0  0EF4               	movlw	244
   122  007FC2  6E01               	movwf	retardo_ms@x,c
   123  007FC4  0E01               	movlw	1
   124  007FC6  6E02               	movwf	retardo_ms@x+1,c
   125  007FC8  0E00               	movlw	0
   126  007FCA  6E03               	movwf	retardo_ms@x+2,c
   127  007FCC  0E00               	movlw	0
   128  007FCE  6E04               	movwf	retardo_ms@x+3,c
   129  007FD0  ECB8  F03F         	call	_retardo_ms	;wreg free
   130  007FD4  2A06               	incf	main@i,f,c
   131  007FD6  D7EC               	goto	l666
   132  007FD8                     l678:
   133                           
   134                           ;pic 18+leds.c: 52: }
   135                           ;pic 18+leds.c: 53: for(i=0;i<7;i++){
   136  007FD8  0E00               	movlw	0
   137  007FDA  6E06               	movwf	main@i,c
   138  007FDC                     l680:
   139  007FDC  0E06               	movlw	6
   140  007FDE  6406               	cpfsgt	main@i,c
   141  007FE0  D001               	goto	l684
   142  007FE2  D7E4               	goto	l13
   143  007FE4                     l684:
   144                           
   145                           ;pic 18+leds.c: 54: LATD/=2;
   146  007FE4  90D8               	bcf	status,0,c
   147  007FE6  328C               	rrcf	3980,f,c
   148                           
   149                           ;pic 18+leds.c: 55: retardo_ms(500);
   150                           
   151                           ;volatile
   152  007FE8  0EF4               	movlw	244
   153  007FEA  6E01               	movwf	retardo_ms@x,c
   154  007FEC  0E01               	movlw	1
   155  007FEE  6E02               	movwf	retardo_ms@x+1,c
   156  007FF0  0E00               	movlw	0
   157  007FF2  6E03               	movwf	retardo_ms@x+2,c
   158  007FF4  0E00               	movlw	0
   159  007FF6  6E04               	movwf	retardo_ms@x+3,c
   160  007FF8  ECB8  F03F         	call	_retardo_ms	;wreg free
   161  007FFC  2A06               	incf	main@i,f,c
   162  007FFE  D7EE               	goto	l680
   163  008000                     __end_of_main:
   164                           	opt stack 0
   165                           prodl	equ	0xFF3
   166                           status	equ	0xFD8
   167                           
   168 ;; *************** function _retardo_ms *****************
   169 ;; Defined at:
   170 ;;		line 63 in file "pic 18+leds.c"
   171 ;; Parameters:    Size  Location     Type
   172 ;;  x               4    0[COMRAM] unsigned long 
   173 ;; Auto vars:     Size  Location     Type
   174 ;;		None
   175 ;; Return value:  Size  Location     Type
   176 ;;		None               void
   177 ;; Registers used:
   178 ;;		wreg, status,2, status,0
   179 ;; Tracked objects:
   180 ;;		On entry : 0/0
   181 ;;		On exit  : 0/0
   182 ;;		Unchanged: 0/0
   183 ;; Data sizes:     COMRAM   BANK0   BANK1   BANK2   BANK3   BANK4   BANK5   BANK6   BANK7
   184 ;;      Params:         4       0       0       0       0       0       0       0       0
   185 ;;      Locals:         0       0       0       0       0       0       0       0       0
   186 ;;      Temps:          1       0       0       0       0       0       0       0       0
   187 ;;      Totals:         5       0       0       0       0       0       0       0       0
   188 ;;Total ram usage:        5 bytes
   189 ;; Hardware stack levels used:    1
   190 ;; This function calls:
   191 ;;		Nothing
   192 ;; This function is called by:
   193 ;;		_main
   194 ;; This function uses a non-reentrant model
   195 ;;
   196                           
   197                           	psect	text1
   198  007F70                     __ptext1:
   199                           	opt stack 0
   200  007F70                     _retardo_ms:
   201                           	opt stack 30
   202                           
   203                           ;pic 18+leds.c: 65: while(x--)_delay((unsigned long)((1)*(48000000/4000.0)));
   204                           
   205                           ;incstack = 0
   206  007F70  D008               	goto	l662
   207  007F72                     l660:
   208  007F72  0E10               	movlw	16
   209  007F74  6E05               	movwf	??_retardo_ms& (0+255),c
   210  007F76  0E94               	movlw	148
   211  007F78                     u117:
   212  007F78  2EE8               	decfsz	wreg,f,c
   213  007F7A  D7FE               	goto	u117
   214  007F7C  2E05               	decfsz	??_retardo_ms& (0+255),f,c
   215  007F7E  D7FC               	goto	u117
   216  007F80  D000               	nop2	
   217  007F82                     l662:
   218  007F82  0601               	decf	retardo_ms@x,f,c
   219  007F84  0E00               	movlw	0
   220  007F86  5A02               	subwfb	retardo_ms@x+1,f,c
   221  007F88  5A03               	subwfb	retardo_ms@x+2,f,c
   222  007F8A  5A04               	subwfb	retardo_ms@x+3,f,c
   223  007F8C  2801               	incf	retardo_ms@x,w,c
   224  007F8E  E1F1               	bnz	l660
   225  007F90  2802               	incf	retardo_ms@x+1,w,c
   226  007F92  E1EF               	bnz	l660
   227  007F94  2803               	incf	retardo_ms@x+2,w,c
   228  007F96  E1ED               	bnz	l660
   229  007F98  2804               	incf	retardo_ms@x+3,w,c
   230  007F9A  B4D8               	btfsc	status,2,c
   231  007F9C  0012               	return	
   232  007F9E  D7E9               	goto	l660
   233  007FA0                     __end_of_retardo_ms:
   234                           	opt stack 0
   235  0000                     prodl	equ	0xFF3
   236                           wreg	equ	0xFE8
   237                           status	equ	0xFD8
   238                           prodl	equ	0xFF3
   239                           wreg	equ	0xFE8
   240                           status	equ	0xFD8
   241                           
   242                           	psect	rparam
   243  0000                     prodl	equ	0xFF3
   244                           wreg	equ	0xFE8
   245                           status	equ	0xFD8


Data Sizes:
    Strings     0
    Constant    0
    Data        0
    BSS         0
    Persistent  0
    Stack       0

Auto Spaces:
    Space          Size  Autos    Used
    COMRAM           95      6       6
    BANK0           160      0       0
    BANK1           256      0       0
    BANK2           256      0       0
    BANK3           256      0       0
    BANK4           256      0       0
    BANK5           256      0       0
    BANK6           256      0       0
    BANK7           256      0       0

Pointer List with Targets:

    None.

Critical Paths under _main in COMRAM

    _main->_retardo_ms

Critical Paths under _main in BANK0

    None.

Critical Paths under _main in BANK1

    None.

Critical Paths under _main in BANK2

    None.

Critical Paths under _main in BANK3

    None.

Critical Paths under _main in BANK4

    None.

Critical Paths under _main in BANK5

    None.

Critical Paths under _main in BANK6

    None.

Critical Paths under _main in BANK7

    None.

Call Graph Tables:

 ---------------------------------------------------------------------------------
 (Depth) Function   	        Calls       Base Space   Used Autos Params    Refs
 ---------------------------------------------------------------------------------
 (0) _main                                                 1     1      0     200
                                              5 COMRAM     1     1      0
                         _retardo_ms
 ---------------------------------------------------------------------------------
 (1) _retardo_ms                                           5     1      4     108
                                              0 COMRAM     5     1      4
 ---------------------------------------------------------------------------------
 Estimated maximum stack depth 1
 ---------------------------------------------------------------------------------

 Call Graph Graphs:

 _main (ROOT)
   _retardo_ms

 Address spaces:
Name               Size   Autos  Total    Cost      Usage
BITCOMRAM           5F      0       0       0        0.0%
EEDATA             100      0       0       0        0.0%
NULL                 0      0       0       0        0.0%
CODE                 0      0       0       0        0.0%
COMRAM              5F      6       6       1        6.3%
STACK                0      0       0       2        0.0%
DATA                 0      0       0       3        0.0%
BITBANK0            A0      0       0       4        0.0%
BANK0               A0      0       0       5        0.0%
BITBANK1           100      0       0       6        0.0%
BANK1              100      0       0       7        0.0%
BITBANK2           100      0       0       8        0.0%
BANK2              100      0       0       9        0.0%
BITBANK3           100      0       0      10        0.0%
BANK3              100      0       0      11        0.0%
BITBANK4           100      0       0      12        0.0%
BANK4              100      0       0      13        0.0%
BITBANK5           100      0       0      14        0.0%
BANK5              100      0       0      15        0.0%
BITBANK6           100      0       0      16        0.0%
BANK6              100      0       0      17        0.0%
BITBANK7           100      0       0      18        0.0%
BANK7              100      0       0      19        0.0%
ABS                  0      0       0      20        0.0%
BIGRAM             7FF      0       0      21        0.0%
BITSFR               0      0       0      40        0.0%
SFR                  0      0       0      40        0.0%


Microchip Technology PIC18 Macro Assembler V1.35 build -356382666 
Symbol Table                                                                                   Mon May 02 17:47:33 2016

                     l13 7FAC              __CFG_BORV$2 000000             __CFG_CP0$OFF 000000  
           __CFG_CP1$OFF 000000             __CFG_CP2$OFF 000000             __CFG_CP3$OFF 000000  
                    l660 7F72                      l662 7F82                      l670 7FB8  
                    l680 7FDC                      l666 7FB0                      l684 7FE4  
                    l678 7FD8             __CFG_CPB$OFF 000000                      u117 7F78  
           __CFG_CPD$OFF 000000             __CFG_BOR$OFF 000000                      wreg 000FE8  
           __CFG_LVP$OFF 000000             __CFG_WDT$OFF 000000                     _LATD 000F8C  
                   _main 7FA0                     prodl 000FF3                     start 0000  
          __CFG_IESO$OFF 000000            __CFG_MCLRE$ON 000000             ___param_bank 000010  
          __CFG_PLLDIV$1 000000                    ?_main 0001           __CFG_DEBUG$OFF 000000  
          __CFG_USBDIV$2 000000                    _TRISD 000F95            __CFG_PWRT$OFF 000000  
          __CFG_WRT0$OFF 000000            __CFG_WRT1$OFF 000000            __CFG_WRT2$OFF 000000  
          __CFG_WRT3$OFF 000000           __CFG_EBTR0$OFF 000000           __CFG_FCMEN$OFF 000000  
         __CFG_EBTR1$OFF 000000           __CFG_EBTR2$OFF 000000           __CFG_EBTR3$OFF 000000  
          __CFG_WRTB$OFF 000000            __CFG_WRTC$OFF 000000            __CFG_WRTD$OFF 000000  
         __CFG_EBTRB$OFF 000000                    main@i 0006                    status 000FD8  
         __CFG_ICPRT$OFF 000000          __initialization 7F6A             __end_of_main 8000  
                 ??_main 0006            __activetblptr 000000          __CFG_CCP2MX$OFF 000000  
                 _ADCON1 000FC1           __CFG_XINST$OFF 000000               __accesstop 0060  
__end_of__initialization 7F6A          __CFG_PBADEN$OFF 000000            ___rparam_used 000001  
         __pcstackCOMRAM 0001          __CFG_VREGEN$OFF 000000                  __Hparam 0000  
                __Lparam 0000          __CFG_STVREN$OFF 000000                  __pcinit 7F6A  
                __ramtop 0800                  __ptext0 7FA0                  __ptext1 7F70  
            retardo_ms@x 0001     end_of_initialization 7F6A               _retardo_ms 7F70  
    start_initialization 7F6A              ?_retardo_ms 0001         __CFG_LPT1OSC$OFF 000000  
    __size_of_retardo_ms 0030         __CFG_WDTPS$16384 000000                 __Hrparam 0000  
               __Lrparam 0000            __size_of_main 0060             ??_retardo_ms 0005  
  __CFG_CPUDIV$OSC1_PLL2 000000       __end_of_retardo_ms 7FA0       __CFG_FOSC$HSPLL_HS 000000  
